<?xml version="1.0" encoding="UTF-8"?>
<!-- Generated by org.testng.reporters.JUnitXMLReporter -->
<testsuite ignored="0" hostname="DESKTOP-GHN20DL" failures="0" tests="3" name="Default test" time="12.774" errors="0" timestamp="2020-12-02T22:08:36 GMT">
  <testcase classname="TestCases.TC01_QuickOrder" name="InputStockNumbers" time="0.433"/>
  <testcase classname="TestCases.TC01_QuickOrder" name="InputQuantity" time="0.192"/>
  <testcase classname="TestCases.TC01_QuickOrder" name="AddToBasket" time="2.846"/>
</testsuite> <!-- Default test -->
